2011-09-24 23:34:43 Notice: Notice (8): Undefined variable: html in [APP/views/layouts/default.ctp, line 28]
2011-09-24 23:34:58 Notice: Notice (8): Undefined variable: html in [APP/views/layouts/default.ctp, line 28]
2011-09-24 23:40:51 Notice: Notice (8): Undefined variable: html in [APP/views/layouts/default.ctp, line 28]
2011-09-24 23:43:39 Notice: Notice (8): Undefined property: View::$Form in [APP/views/users/login.ctp, line 1]
2011-09-24 23:44:51 Notice: Notice (8): Undefined property: View::$Form in [APP/views/users/login.ctp, line 1]
2011-09-24 23:46:30 Notice: Notice (8): Undefined property: View::$Form in [APP/views/users/login.ctp, line 1]
2011-09-24 23:47:05 Notice: Notice (8): Undefined property: View::$Form in [APP/views/users/login.ctp, line 1]
2011-09-24 23:47:10 Notice: Notice (8): Undefined property: View::$Form in [APP/views/users/login.ctp, line 1]
2011-09-24 23:49:37 Notice: Notice (8): Undefined property: View::$Form in [APP/views/users/login.ctp, line 1]
2011-09-24 23:51:04 Notice: Notice (8): Undefined property: View::$Form in [APP/views/users/login.ctp, line 1]
2011-09-24 23:51:55 Notice: Notice (8): Undefined property: View::$Form in [APP/views/users/login.ctp, line 1]
2011-09-24 23:53:51 Notice: Notice (8): Undefined property: View::$Form in [APP/views/users/login.ctp, line 1]
2011-09-24 23:54:38 Notice: Notice (8): Undefined property: View::$Form in [APP/views/users/login.ctp, line 1]
2011-09-24 23:55:00 Notice: Notice (8): Undefined property: View::$Html in [APP/views/users/login.ctp, line 3]
2011-09-24 23:57:03 Notice: Notice (8): Undefined property: View::$Form in [APP/views/users/login.ctp, line 1]
2011-09-24 23:57:38 Notice: Notice (8): Undefined property: View::$Form in [APP/views/users/login.ctp, line 1]
2011-09-24 23:58:22 Notice: Notice (8): Undefined property: View::$Form in [APP/views/users/login.ctp, line 1]
2011-09-24 23:58:34 Notice: Notice (8): Undefined property: View::$Form in [APP/views/users/login.ctp, line 1]
2011-09-24 23:58:52 Notice: Notice (8): Undefined property: View::$Form in [APP/views/users/login.ctp, line 1]
2011-09-24 23:58:57 Notice: Notice (8): Undefined property: View::$Form in [APP/views/users/login.ctp, line 1]
2011-09-25 00:00:14 Notice: Notice (8): Undefined property: View::$Form in [APP/views/users/login.ctp, line 1]
2011-09-25 00:03:01 Notice: Notice (8): Undefined property: View::$Form in [APP/views/users/login.ctp, line 1]
2011-09-25 00:04:19 Notice: Notice (8): Undefined property: View::$Form in [APP/views/users/login.ctp, line 1]
2011-09-25 00:04:39 Notice: Notice (8): Undefined property: View::$Form in [APP/views/users/login.ctp, line 1]
2011-09-25 00:05:56 Notice: Notice (8): Undefined property: View::$Form in [APP/views/users/login.ctp, line 1]
2011-09-25 00:07:00 Notice: Notice (8): Undefined property: View::$Form in [APP/views/users/login.ctp, line 1]
2011-09-25 00:08:32 Notice: Notice (8): Undefined property: View::$Form in [APP/views/users/login.ctp, line 1]
2011-09-25 00:13:28 Notice: Notice (8): Undefined property: View::$Form in [APP/views/users/login.ctp, line 1]
2011-09-25 00:13:59 Notice: Notice (8): Undefined property: View::$Form in [APP/views/users/login.ctp, line 1]
2011-09-25 00:14:01 Notice: Notice (8): Undefined property: View::$Form in [APP/views/users/login.ctp, line 1]
2011-09-25 00:14:18 Notice: Notice (8): Undefined property: View::$Form in [APP/views/users/login.ctp, line 1]
2011-09-25 00:14:22 Notice: Notice (8): Undefined property: View::$Form in [APP/views/users/login.ctp, line 1]
2011-09-25 00:17:16 Notice: Notice (8): Undefined property: View::$Form in [APP/views/users/login.ctp, line 1]
2011-09-25 00:17:17 Notice: Notice (8): Undefined property: View::$Form in [APP/views/users/login.ctp, line 1]
2011-09-25 00:18:19 Notice: Notice (8): Undefined property: View::$Form in [APP/views/users/login.ctp, line 1]
2011-09-25 00:18:47 Notice: Notice (8): Undefined property: View::$Form in [APP/views/users/login.ctp, line 1]
2011-09-25 00:20:03 Notice: Notice (8): Undefined property: View::$Form in [APP/views/users/login.ctp, line 1]
2011-09-25 00:20:29 Notice: Notice (8): Undefined property: View::$Form in [APP/views/users/login.ctp, line 1]
2011-09-25 00:21:25 Notice: Notice (8): Undefined property: View::$Form in [APP/views/users/login.ctp, line 1]
2011-09-25 00:21:33 Notice: Notice (8): Undefined property: View::$Form in [APP/views/users/login.ctp, line 1]
2011-09-25 00:23:07 Notice: Notice (8): Undefined property: View::$Form in [APP/views/users/login.ctp, line 1]
2011-09-25 00:24:41 Notice: Notice (8): Undefined property: View::$Form in [APP/views/users/login.ctp, line 1]
2011-09-25 00:41:27 Notice: Notice (8): Undefined property: View::$Form in [APP/views/users/login.ctp, line 1]
2011-09-25 00:41:32 Notice: Notice (8): Undefined property: View::$Form in [APP/views/users/login.ctp, line 1]
2011-09-25 00:41:35 Notice: Notice (8): Undefined property: View::$Form in [APP/views/users/login.ctp, line 1]
2011-09-25 00:43:57 Notice: Notice (8): Use of undefined constant CAKE_CORE_INCLUDE_PATH - assumed 'CAKE_CORE_INCLUDE_PATH' in [/usr/share/php/cake/libs/configure.php, line 501]
2011-09-25 00:43:57 Notice: Notice (8): Undefined property: View::$Form in [/home/andrew/Documents/web/questions/questions/views/users/login.ctp, line 1]
